<?xml version="1.0" encoding="UTF-8"?>
<testsuites name="jest tests" tests="5" failures="1" errors="0" time="4.161">
  <testsuite name="isEven" errors="0" failures="0" skipped="0" timestamp="2024-03-20T12:08:16" time="2.798" tests="4">
    <testcase classname="isEven returns true if number is even" name="isEven returns true if number is even" time="0.003">
    </testcase>
    <testcase classname="isEven returns false if number is odd" name="isEven returns false if number is odd" time="0.001">
    </testcase>
    <testcase classname="isEven throws an error if number is negative" name="isEven throws an error if number is negative" time="0.122">
    </testcase>
    <testcase classname="isEven throws an error if number is not a number" name="isEven throws an error if number is not a number" time="0.001">
    </testcase>
  </testsuite>
  <testsuite name="undefined" errors="0" failures="1" skipped="0" timestamp="2024-03-20T12:08:16" time="3.099" tests="1">
    <testcase classname=" fetchData returns the correct data" name=" fetchData returns the correct data" time="0.001">
      <failure>ReferenceError: fetchData is not defined
    at Object.&lt;anonymous&gt; (F:\assignment_DevOps\hello-world-react\test\fetchdata.test.js:4:5)
    at Promise.then.completed (F:\assignment_DevOps\hello-world-react\node_modules\jest-circus\build\utils.js:391:28)
    at new Promise (&lt;anonymous&gt;)
    at callAsyncCircusFn (F:\assignment_DevOps\hello-world-react\node_modules\jest-circus\build\utils.js:316:10)
    at _callCircusTest (F:\assignment_DevOps\hello-world-react\node_modules\jest-circus\build\run.js:218:40)
    at processTicksAndRejections (node:internal/process/task_queues:95:5)
    at _runTest (F:\assignment_DevOps\hello-world-react\node_modules\jest-circus\build\run.js:155:3)
    at _runTestsForDescribeBlock (F:\assignment_DevOps\hello-world-react\node_modules\jest-circus\build\run.js:66:9)
    at run (F:\assignment_DevOps\hello-world-react\node_modules\jest-circus\build\run.js:25:3)
    at runAndTransformResultsToJestFormat (F:\assignment_DevOps\hello-world-react\node_modules\jest-circus\build\legacy-code-todo-rewrite\jestAdapterInit.js:170:21)</failure>
    </testcase>
  </testsuite>
</testsuites>